<?xml version="1.0" encoding="UTF-8"?>
<!-- Generated by org.testng.reporters.JUnitReportReporter -->
<testsuite hostname="DESKTOP-9K5991T" failures="0" tests="2" name="com.qa.testcases.HomePageTest" time="23.287" errors="0" timestamp="2024-10-24T18:35:24 IST" skipped="0">
  <testcase classname="com.qa.testcases.HomePageTest" name="testusername" time="10.862"/>
  <testcase classname="com.qa.testcases.HomePageTest" name="contactLinkTest" time="12.425"/>
</testsuite> <!-- com.qa.testcases.HomePageTest -->
