<?xml version="1.0" encoding="UTF-8"?>
<!-- Generated by org.testng.reporters.JUnitReportReporter -->
<testsuite hostname="DESKTOP-9K5991T" failures="0" tests="2" name="com.qa.testcases.LoginPageTest" time="24.851" errors="0" timestamp="2024-10-24T18:35:24 IST" skipped="0">
  <testcase classname="com.qa.testcases.LoginPageTest" name="loginPageTitleTest" time="13.622"/>
  <testcase classname="com.qa.testcases.LoginPageTest" name="loginTest" time="11.229"/>
</testsuite> <!-- com.qa.testcases.LoginPageTest -->
