<?xml version="1.0" encoding="UTF-8"?>
<!-- Generated by org.testng.reporters.JUnitReportReporter -->
<testsuite hostname="DESKTOP-9K5991T" failures="0" tests="4" name="com.qa.testcases.ContactsPageTest" time="68.486" errors="0" timestamp="2024-10-24T18:35:24 IST" skipped="0">
  <testcase classname="com.qa.testcases.ContactsPageTest" name="testContactLabel" time="12.144"/>
  <testcase classname="com.qa.testcases.ContactsPageTest" name="validateCreateNewContact" time="17.711"/>
  <testcase classname="com.qa.testcases.ContactsPageTest" name="validateCreateNewContact" time="18.231"/>
  <testcase classname="com.qa.testcases.ContactsPageTest" name="validateCreateNewContact" time="20.400"/>
</testsuite> <!-- com.qa.testcases.ContactsPageTest -->
